DoomXS.lpi Note: Added defines -dBorland -dVer150 -dDelphi7 -dCompiler6_Up -dPUREPASCAL in custom options
 Progress: Found all unit files
DoomXS.dpr(6,16) Note: Added MODE Delphi syntax modifier after unit name.
 : 
 : *** Converting unit files belonging to project/package ***
am_map.pas(27,13) Note: Added MODE Delphi syntax modifier after unit name.
d_englsh.pas(27,15) Note: Added MODE Delphi syntax modifier after unit name.
d_event.pas(27,14) Note: Added MODE Delphi syntax modifier after unit name.
d_items.pas(27,14) Note: Added MODE Delphi syntax modifier after unit name.
d_main.pas(27,13) Note: Added MODE Delphi syntax modifier after unit name.
d_delphi.pas Note: Replaced unit "Windows" with "LCLIntf, LCLType, LMessages" in uses section.
d_delphi.pas(27,15) Note: Added MODE Delphi syntax modifier after unit name.
d_net.pas(27,12) Note: Added MODE Delphi syntax modifier after unit name.
d_player.pas(27,15) Note: Added MODE Delphi syntax modifier after unit name.
d_textur.pas(27,15) Note: Added MODE Delphi syntax modifier after unit name.
d_think.pas(27,14) Note: Added MODE Delphi syntax modifier after unit name.
d_ticcmd.pas(27,15) Note: Added MODE Delphi syntax modifier after unit name.
doomdata.pas(27,15) Note: Added MODE Delphi syntax modifier after unit name.
doomdef.pas(27,14) Note: Added MODE Delphi syntax modifier after unit name.
doomstat.pas(27,15) Note: Added MODE Delphi syntax modifier after unit name.
doomtype.pas(27,15) Note: Added MODE Delphi syntax modifier after unit name.
dstrings.pas(27,15) Note: Added MODE Delphi syntax modifier after unit name.
f_finale.pas(27,15) Note: Added MODE Delphi syntax modifier after unit name.
f_wipe.pas(27,13) Note: Added MODE Delphi syntax modifier after unit name.
g_game.pas(27,13) Note: Added MODE Delphi syntax modifier after unit name.
hu_lib.pas(27,13) Note: Added MODE Delphi syntax modifier after unit name.
hu_stuff.pas(27,15) Note: Added MODE Delphi syntax modifier after unit name.
i_main.pas Note: Replaced unit "Windows" with "LCLIntf, LCLType, LMessages" in uses section.
i_main.pas(27,13) Note: Added MODE Delphi syntax modifier after unit name.
i_net.pas(27,12) Note: Added MODE Delphi syntax modifier after unit name.
info.pas(27,11) Note: Added MODE Delphi syntax modifier after unit name.
info_h.pas(27,13) Note: Added MODE Delphi syntax modifier after unit name.
i_system.pas Note: Replaced unit "Windows" with "LCLIntf, LCLType, LMessages" in uses section.
i_system.pas(27,15) Note: Added MODE Delphi syntax modifier after unit name.
m_argv.pas(27,13) Note: Added MODE Delphi syntax modifier after unit name.
m_bbox.pas(27,13) Note: Added MODE Delphi syntax modifier after unit name.
m_cheat.pas(27,14) Note: Added MODE Delphi syntax modifier after unit name.
m_fixed.pas(27,14) Note: Added MODE Delphi syntax modifier after unit name.
m_menu.pas(27,13) Note: Added MODE Delphi syntax modifier after unit name.
m_misc.pas(27,13) Note: Added MODE Delphi syntax modifier after unit name.
m_rnd.pas(27,12) Note: Added MODE Delphi syntax modifier after unit name.
tables.pas(27,13) Note: Added MODE Delphi syntax modifier after unit name.
p_ceilng.pas(27,15) Note: Added MODE Delphi syntax modifier after unit name.
p_doors.pas(27,14) Note: Added MODE Delphi syntax modifier after unit name.
p_enemy.pas(27,14) Note: Added MODE Delphi syntax modifier after unit name.
p_floor.pas(27,14) Note: Added MODE Delphi syntax modifier after unit name.
p_inter.pas(27,14) Note: Added MODE Delphi syntax modifier after unit name.
p_lights.pas(27,15) Note: Added MODE Delphi syntax modifier after unit name.
p_local.pas(27,14) Note: Added MODE Delphi syntax modifier after unit name.
p_map.pas(27,12) Note: Added MODE Delphi syntax modifier after unit name.
p_maputl.pas(27,15) Note: Added MODE Delphi syntax modifier after unit name.
p_mobj.pas(27,13) Note: Added MODE Delphi syntax modifier after unit name.
p_mobj_h.pas(27,15) Note: Added MODE Delphi syntax modifier after unit name.
z_zone.pas(27,13) Note: Added MODE Delphi syntax modifier after unit name.
p_plats.pas(27,14) Note: Added MODE Delphi syntax modifier after unit name.
p_pspr.pas(27,13) Note: Added MODE Delphi syntax modifier after unit name.
p_pspr_h.pas(27,15) Note: Added MODE Delphi syntax modifier after unit name.
p_saveg.pas(27,14) Note: Added MODE Delphi syntax modifier after unit name.
p_setup.pas(27,14) Note: Added MODE Delphi syntax modifier after unit name.
p_sight.pas(27,14) Note: Added MODE Delphi syntax modifier after unit name.
w_wad.pas Note: Changed encoding from cp1253 to UTF-8
w_wad.pas(27,12) Note: Added MODE Delphi syntax modifier after unit name.
p_tick.pas(27,13) Note: Added MODE Delphi syntax modifier after unit name.
p_telept.pas(27,15) Note: Added MODE Delphi syntax modifier after unit name.
p_switch.pas(27,15) Note: Added MODE Delphi syntax modifier after unit name.
p_spec.pas(27,13) Note: Added MODE Delphi syntax modifier after unit name.
p_user.pas(27,13) Note: Added MODE Delphi syntax modifier after unit name.
r_bsp.pas(27,12) Note: Added MODE Delphi syntax modifier after unit name.
r_data.pas(27,13) Note: Added MODE Delphi syntax modifier after unit name.
r_defs.pas(27,13) Note: Added MODE Delphi syntax modifier after unit name.
r_draw.pas(27,13) Note: Added MODE Delphi syntax modifier after unit name.
r_main.pas(27,13) Note: Added MODE Delphi syntax modifier after unit name.
r_plane.pas(27,14) Note: Added MODE Delphi syntax modifier after unit name.
r_segs.pas(27,13) Note: Added MODE Delphi syntax modifier after unit name.
r_sky.pas(27,12) Note: Added MODE Delphi syntax modifier after unit name.
r_things.pas(27,15) Note: Added MODE Delphi syntax modifier after unit name.
s_sound.pas(27,14) Note: Added MODE Delphi syntax modifier after unit name.
sounds.pas(27,13) Note: Added MODE Delphi syntax modifier after unit name.
st_lib.pas(27,13) Note: Added MODE Delphi syntax modifier after unit name.
st_stuff.pas(27,15) Note: Added MODE Delphi syntax modifier after unit name.
v_video.pas(27,14) Note: Added MODE Delphi syntax modifier after unit name.
wi_stuff.pas(27,15) Note: Added MODE Delphi syntax modifier after unit name.
i_video.pas(80,3) Note: Fixed character case of unit "directx" to "DirectX".
i_video.pas Note: Replaced unit "windows" with "LCLIntf, LCLType, LMessages" in uses section.
i_video.pas(27,14) Note: Added MODE Delphi syntax modifier after unit name.
i_sound.pas(27,14) Note: Added MODE Delphi syntax modifier after unit name.
i_music.pas Note: Replaced unit "windows" with "LCLIntf, LCLType, LMessages" in uses section.
i_music.pas(27,14) Note: Added MODE Delphi syntax modifier after unit name.
i_input.pas(45,3) Note: Fixed character case of unit "directx" to "DirectX".
i_input.pas Note: Replaced unit "windows" with "LCLIntf, LCLType, LMessages" in uses section.
i_input.pas(27,14) Note: Added MODE Delphi syntax modifier after unit name.
i_io.pas Note: Replaced unit "Windows" with "LCLIntf, LCLType, LMessages" in uses section.
i_io.pas(1,11) Note: Added MODE Delphi syntax modifier after unit name.
i_midi.pas Note: Replaced unit "Windows" with "LCLIntf, LCLType, LMessages" in uses section.
i_midi.pas(1,13) Note: Added MODE Delphi syntax modifier after unit name.
 : 
 : *** Converting unit files found during conversion ***
DirectX.pas Note: Changed encoding from cp1253 to UTF-8
DirectX.pas Note: Replaced unit "Windows" with "LCLIntf, LCLType, LMessages" in uses section.
DirectX.pas(35,14) Note: Added MODE Delphi syntax modifier after unit name.
 : 
 : *** Fixing used units and Repairing form files ***
 Progress: Conversion took: 00:00:10
 : Conversion Ready.
